GroupProject/GoBowl/app/build/outputs/logs/manifest-merger-debug-report.txt
-- Merging decision tree log ---
manifest
ADDED from src/main/AndroidManifest.xml:2:1-32:12
	package
		ADDED from src/main/AndroidManifest.xml:3:5-47
		INJECTED from src/main/AndroidManifest.xml
		INJECTED from src/main/AndroidManifest.xml
	android:versionName
		INJECTED from src/main/AndroidManifest.xml
		INJECTED from src/main/AndroidManifest.xml
	xmlns:android
		ADDED from src/main/AndroidManifest.xml:2:11-69
	android:versionCode
		INJECTED from src/main/AndroidManifest.xml
		INJECTED from src/main/AndroidManifest.xml
application
ADDED from src/main/AndroidManifest.xml:5:5-30:19
MERGED from [com.android.support:appcompat-v7:23.4.0] AndroidManifest.xml:25:5-20
MERGED from [com.android.support:animated-vector-drawable:23.4.0] AndroidManifest.xml:7:5-20
MERGED from [com.android.support:support-vector-drawable:23.4.0] AndroidManifest.xml:7:5-20
MERGED from [com.android.support:support-v4:23.4.0] AndroidManifest.xml:22:5-20
MERGED from [com.android.support:support-v4:23.4.0] AndroidManifest.xml:22:5-20
MERGED from [com.android.support:support-vector-drawable:23.4.0] AndroidManifest.xml:7:5-20
MERGED from [com.android.support:support-v4:23.4.0] AndroidManifest.xml:22:5-20
	android:label
		ADDED from src/main/AndroidManifest.xml:8:9-41
	android:supportsRtl
		ADDED from src/main/AndroidManifest.xml:9:9-35
	android:allowBackup
		ADDED from src/main/AndroidManifest.xml:6:9-35
	android:icon
		ADDED from src/main/AndroidManifest.xml:7:9-43
	android:theme
		ADDED from src/main/AndroidManifest.xml:10:9-40
activity#edu.gatech.seclass.gobowl.MainActivity
ADDED from src/main/AndroidManifest.xml:11:9-17:20
	android:name
		ADDED from src/main/AndroidManifest.xml:11:19-72
intent-filter#android.intent.action.MAIN+android.intent.category.LAUNCHER
ADDED from src/main/AndroidManifest.xml:12:13-16:29
action#android.intent.action.MAIN
ADDED from src/main/AndroidManifest.xml:13:17-69
	android:name
		ADDED from src/main/AndroidManifest.xml:13:25-66
category#android.intent.category.LAUNCHER
ADDED from src/main/AndroidManifest.xml:15:17-77
	android:name
		ADDED from src/main/AndroidManifest.xml:15:27-74
activity#edu.gatech.seclass.gobowl.ManagerMenu
ADDED from src/main/AndroidManifest.xml:18:9-74
	android:name
		ADDED from src/main/AndroidManifest.xml:18:19-71
activity#edu.gatech.seclass.gobowl.CustomerMenu
ADDED from src/main/AndroidManifest.xml:19:9-75
	android:name
		ADDED from src/main/AndroidManifest.xml:19:19-72
activity#edu.gatech.seclass.gobowl.CustomerLogin
ADDED from src/main/AndroidManifest.xml:20:9-76
	android:name
		ADDED from src/main/AndroidManifest.xml:20:19-73
uses-permission#android.permission.WRITE_EXTERNAL_STORAGE
ADDED from src/main/AndroidManifest.xml:22:9-85
	android:name
		ADDED from src/main/AndroidManifest.xml:22:26-82
activity#edu.gatech.seclass.gobowl.ManagerNewCustomer
ADDED from src/main/AndroidManifest.xml:24:9-81
	android:name
		ADDED from src/main/AndroidManifest.xml:24:19-78
activity#edu.gatech.seclass.gobowl.CustomerNumBowlers
ADDED from src/main/AndroidManifest.xml:25:9-81
	android:name
		ADDED from src/main/AndroidManifest.xml:25:19-78
activity#edu.gatech.seclass.gobowl.CustomerLaneDisplay
ADDED from src/main/AndroidManifest.xml:26:9-82
	android:name
		ADDED from src/main/AndroidManifest.xml:26:19-79
activity#edu.gatech.seclass.gobowl.CheckOut
ADDED from src/main/AndroidManifest.xml:27:9-71
	android:name
		ADDED from src/main/AndroidManifest.xml:27:19-68
activity#edu.gatech.seclass.gobowl.ScanCreditCard
ADDED from src/main/AndroidManifest.xml:28:9-77
	android:name
		ADDED from src/main/AndroidManifest.xml:28:19-74
activity#edu.gatech.seclass.gobowl.ManagerFindCustomer
ADDED from src/main/AndroidManifest.xml:29:9-91
	android:name
		ADDED from src/main/AndroidManifest.xml:29:19-79
uses-sdk
INJECTED from src/main/AndroidManifest.xml reason: use-sdk injection requested
MERGED from [com.android.support:appcompat-v7:23.4.0] AndroidManifest.xml:21:5-23:78
MERGED from [com.android.support:animated-vector-drawable:23.4.0] AndroidManifest.xml:5:5-44
MERGED from [com.android.support:support-vector-drawable:23.4.0] AndroidManifest.xml:5:5-43
MERGED from [com.android.support:support-v4:23.4.0] AndroidManifest.xml:20:5-43
MERGED from [com.android.support:support-v4:23.4.0] AndroidManifest.xml:20:5-43
MERGED from [com.android.support:support-vector-drawable:23.4.0] AndroidManifest.xml:5:5-43
MERGED from [com.android.support:support-v4:23.4.0] AndroidManifest.xml:20:5-43
	tools:overrideLibrary
		ADDED from [com.android.support:appcompat-v7:23.4.0] AndroidManifest.xml:23:9-75
	android:targetSdkVersion
		INJECTED from src/main/AndroidManifest.xml
		INJECTED from src/main/AndroidManifest.xml
	android:minSdkVersion
		INJECTED from src/main/AndroidManifest.xml
		INJECTED from src/main/AndroidManifest.xml